<?xml version="1.0" encoding="UTF-8"?>
<!-- Generated by org.testng.reporters.JUnitXMLReporter -->
<testsuite hostname="Jagadeesh2" ignored="0" name="Default test" tests="6" failures="0" timestamp="2021-10-01T23:14:43 IST" time="45.45" errors="0">
  <testcase name="home_Page" time="6.065" classname="org.testng_runner.TestNG_Runner"/>
  <testcase name="search_Hotel" time="4.779" classname="org.testng_runner.TestNG_Runner"/>
  <testcase name="select_Hotel" time="1.647" classname="org.testng_runner.TestNG_Runner"/>
  <testcase name="book_Now" time="2.67" classname="org.testng_runner.TestNG_Runner"/>
  <testcase name="booking_Confirm" time="11.259" classname="org.testng_runner.TestNG_Runner"/>
  <testcase name="iteinerary" time="0.869" classname="org.testng_runner.TestNG_Runner"/>
</testsuite> <!-- Default test -->
